<?xml version="1.0" encoding="UTF-8"?>
<!-- Generated by org.testng.reporters.JUnitXMLReporter -->
<testsuite hostname="Ns-MacBook-Pro.local" ignored="0" name="Default test" tests="2" failures="0" timestamp="08 Aug 2018 17:09:12 GMT" time="16.835" errors="0">
  <testcase name="runScenario" time="7.666" classname="cucumber.api.testng.AbstractTestNGCucumberTests"/>
  <testcase name="runScenario" time="8.909" classname="cucumber.api.testng.AbstractTestNGCucumberTests"/>
</testsuite> <!-- Default test -->
