<?xml version="1.0" encoding="UTF-8"?>
<testng-results skipped="0" failed="0" ignored="0" total="2" passed="2">
  <reporter-output>
    <line>
      <![CDATA[<div "result">a user on amazon homepage (PASSED : 1s)</div>]]>
    </line>
    <line>
      <![CDATA[<div "result">he enters &quot;BDD Testing&quot; in search box (PASSED : 1s)</div>]]>
    </line>
    <line>
      <![CDATA[<div "result">he submits the request (PASSED : 1s)</div>]]>
    </line>
    <line>
      <![CDATA[<div "result">ensure search is successfull &quot;&quot;BDD Testing&quot;&quot; (PASSED : 0s)</div>]]>
    </line>
    <line>
      <![CDATA[<div "result">a user on amazon homepage (PASSED : 3s)</div>]]>
    </line>
    <line>
      <![CDATA[<div "result">he enters &quot;Selenium Cook Book&quot; in search box (PASSED : 1s)</div>]]>
    </line>
    <line>
      <![CDATA[<div "result">he submits the request (PASSED : 2s)</div>]]>
    </line>
    <line>
      <![CDATA[<div "result">ensure search is successfull &quot;&quot;selenium cookbook&quot;&quot; (PASSED : 0s)</div>]]>
    </line>
  </reporter-output>
  <suite name="Default suite" duration-ms="16835" started-at="2018-08-08T17:08:55Z" finished-at="2018-08-08T17:09:12Z">
    <groups>
      <group name="cucumber">
        <method signature="AbstractTestNGCucumberTests.runScenario(cucumber.api.testng.PickleEventWrapper, cucumber.api.testng.CucumberFeatureWrapper)[pri:0, instance:runner.Runner@53b32d7]" name="runScenario" class="cucumber.api.testng.AbstractTestNGCucumberTests"/>
      </group> <!-- cucumber -->
    </groups>
    <test name="Default test" duration-ms="16835" started-at="2018-08-08T17:08:55Z" finished-at="2018-08-08T17:09:12Z">
      <class name="runner.Runner">
        <test-method status="PASS" signature="setUpClass()[pri:0, instance:runner.Runner@53b32d7]" name="setUpClass" is-config="true" duration-ms="172" started-at="2018-08-08T13:08:55Z" finished-at="2018-08-08T13:08:55Z">
          <reporter-output>
          </reporter-output>
        </test-method> <!-- setUpClass -->
        <test-method status="PASS" signature="runScenario(cucumber.api.testng.PickleEventWrapper, cucumber.api.testng.CucumberFeatureWrapper)[pri:0, instance:runner.Runner@53b32d7]" name="runScenario" duration-ms="7666" started-at="2018-08-08T13:08:55Z" description="Runs Cucumber Scenarios" data-provider="scenarios" finished-at="2018-08-08T13:09:03Z">
          <params>
            <param index="0">
              <value>
                <![CDATA["valid search"]]>
              </value>
            </param>
            <param index="1">
              <value>
                <![CDATA["user looks up for a book in amazon"]]>
              </value>
            </param>
          </params>
          <reporter-output>
            <line>
              <![CDATA[<div "result">a user on amazon homepage (PASSED : 1s)</div>]]>
            </line>
            <line>
              <![CDATA[<div "result">he enters &quot;BDD Testing&quot; in search box (PASSED : 1s)</div>]]>
            </line>
            <line>
              <![CDATA[<div "result">he submits the request (PASSED : 1s)</div>]]>
            </line>
            <line>
              <![CDATA[<div "result">ensure search is successfull &quot;&quot;BDD Testing&quot;&quot; (PASSED : 0s)</div>]]>
            </line>
          </reporter-output>
        </test-method> <!-- runScenario -->
        <test-method status="PASS" signature="runScenario(cucumber.api.testng.PickleEventWrapper, cucumber.api.testng.CucumberFeatureWrapper)[pri:0, instance:runner.Runner@53b32d7]" name="runScenario" duration-ms="8909" started-at="2018-08-08T13:09:03Z" description="Runs Cucumber Scenarios" data-provider="scenarios" finished-at="2018-08-08T13:09:12Z">
          <params>
            <param index="0">
              <value>
                <![CDATA["valid search"]]>
              </value>
            </param>
            <param index="1">
              <value>
                <![CDATA["user looks up for a book in amazon"]]>
              </value>
            </param>
          </params>
          <reporter-output>
            <line>
              <![CDATA[<div "result">a user on amazon homepage (PASSED : 3s)</div>]]>
            </line>
            <line>
              <![CDATA[<div "result">he enters &quot;Selenium Cook Book&quot; in search box (PASSED : 1s)</div>]]>
            </line>
            <line>
              <![CDATA[<div "result">he submits the request (PASSED : 2s)</div>]]>
            </line>
            <line>
              <![CDATA[<div "result">ensure search is successfull &quot;&quot;selenium cookbook&quot;&quot; (PASSED : 0s)</div>]]>
            </line>
          </reporter-output>
        </test-method> <!-- runScenario -->
        <test-method status="PASS" signature="tearDownClass()[pri:0, instance:runner.Runner@53b32d7]" name="tearDownClass" is-config="true" duration-ms="4" started-at="2018-08-08T13:09:12Z" finished-at="2018-08-08T13:09:12Z">
          <reporter-output>
          </reporter-output>
        </test-method> <!-- tearDownClass -->
      </class> <!-- runner.Runner -->
    </test> <!-- Default test -->
  </suite> <!-- Default suite -->
</testng-results>
